#
# There is insufficient memory for the Java Runtime Environment to continue.
# Native memory allocation (mmap) failed to map 2097152 bytes for Failed to commit area from 0x00000000ca500000 to 0x00000000ca700000 of length 2097152.
# Possible reasons:
#   The system is out of physical RAM or swap space
#   The process is running with CompressedOops enabled, and the Java Heap may be blocking the growth of the native heap
# Possible solutions:
#   Reduce memory load on the system
#   Increase physical memory or swap space
#   Check if swap backing store is full
#   Decrease Java heap size (-Xmx/-Xms)
#   Decrease number of Java threads
#   Decrease Java thread stack sizes (-Xss)
#   Set larger code cache with -XX:ReservedCodeCacheSize=
#   JVM is running with Unscaled Compressed Oops mode in which the Java heap is
#     placed in the first 4GB address space. The Java Heap base address is the
#     maximum limit for the native heap growth. Please use -XX:HeapBaseMinAddress
#     to set the Java Heap base and to place the Java Heap above 4GB virtual address.
# This output file may be truncated or incomplete.
#
#  Out of Memory Error (t:/workspace/open/src/hotspot/os/windows/os_windows.cpp:3264), pid=19108, tid=19188
#
# JRE version: Java(TM) SE Runtime Environment (12.0.2+10) (build 12.0.2+10)
# Java VM: Java HotSpot(TM) 64-Bit Server VM (12.0.2+10, mixed mode, sharing, tiered, compressed oops, g1 gc, windows-amd64)
# No core dump will be written. Minidumps are not enabled by default on client versions of Windows
#

---------------  S U M M A R Y ------------

Command Line: -javaagent:C:\Program Files\JetBrains\IntelliJ IDEA Community Edition 2020.2.1\lib\idea_rt.jar=51926:C:\Program Files\JetBrains\IntelliJ IDEA Community Edition 2020.2.1\bin -Dfile.encoding=UTF-8 kg2019examples_task4threedimensions.Main

Host: Intel(R) Core(TM) i3-7130U CPU @ 2.70GHz, 4 cores, 3G,  Windows 10 , 64 bit Build 19041 (10.0.19041.546)
Time: Tue Dec  8 20:22:51 2020 RTZ 2 (зима) elapsed time: 5 seconds (0d 0h 0m 5s)

---------------  T H R E A D  ---------------

Current thread (0x0000021191ca5800):  JavaThread "AWT-EventQueue-0" [_thread_in_vm, id=19188, stack(0x000000c643d00000,0x000000c643e00000)]

Stack: [0x000000c643d00000,0x000000c643e00000]
Native frames: (J=compiled Java code, j=interpreted, Vv=VM code, C=native code)
V  [jvm.dll+0x63aa2a]
V  [jvm.dll+0x78ce1e]
V  [jvm.dll+0x78e4c1]
V  [jvm.dll+0x78eb13]
V  [jvm.dll+0x2627e8]
V  [jvm.dll+0x637f5a]
V  [jvm.dll+0x62c845]
V  [jvm.dll+0x31e49c]
V  [jvm.dll+0x31e2cf]
V  [jvm.dll+0x324006]
V  [jvm.dll+0x371f56]
V  [jvm.dll+0x371720]
V  [jvm.dll+0x2f8c5c]
V  [jvm.dll+0x2f451f]
V  [jvm.dll+0x5d0ce2]
V  [jvm.dll+0x5d077b]
V  [jvm.dll+0x20a03d]
V  [jvm.dll+0x765b97]
V  [jvm.dll+0x396d3f]
C  0x000002118001f9cd

Java frames: (J=compiled Java code, j=interpreted, Vv=VM code)
j  java.awt.image.DataBufferInt.<init>(I)V+11 java.desktop@12.0.2
j  java.awt.image.Raster.createPackedRaster(III[ILjava/awt/Point;)Ljava/awt/image/WritableRaster;+69 java.desktop@12.0.2
j  java.awt.image.DirectColorModel.createCompatibleWritableRaster(II)Ljava/awt/image/WritableRaster;+83 java.desktop@12.0.2
j  java.awt.image.BufferedImage.<init>(III)V+104 java.desktop@12.0.2
j  kg2019examples_task4threedimensions.DrawPanel.paint(Ljava/awt/Graphics;)V+28
j  javax.swing.JComponent.paintToOffscreen(Ljava/awt/Graphics;IIIIII)V+41 java.desktop@12.0.2
j  javax.swing.RepaintManager$PaintManager.paintDoubleBufferedFPScales(Ljavax/swing/JComponent;Ljava/awt/Image;Ljava/awt/Graphics;IIII)V+320 java.desktop@12.0.2
j  javax.swing.RepaintManager$PaintManager.paintDoubleBuffered(Ljavax/swing/JComponent;Ljava/awt/Image;Ljava/awt/Graphics;IIII)V+28 java.desktop@12.0.2
j  javax.swing.RepaintManager$PaintManager.paint(Ljavax/swing/JComponent;Ljavax/swing/JComponent;Ljava/awt/Graphics;IIII)Z+128 java.desktop@12.0.2
j  javax.swing.RepaintManager.paint(Ljavax/swing/JComponent;Ljavax/swing/JComponent;Ljava/awt/Graphics;IIII)V+51 java.desktop@12.0.2
j  javax.swing.JComponent._paintImmediately(IIII)V+683 java.desktop@12.0.2
j  javax.swing.JComponent.paintImmediately(IIII)V+138 java.desktop@12.0.2
j  javax.swing.RepaintManager$4.run()Ljava/lang/Void;+81 java.desktop@12.0.2
j  javax.swing.RepaintManager$4.run()Ljava/lang/Object;+1 java.desktop@12.0.2
J 900 c1 java.security.ProtectionDomain$JavaSecurityAccessImpl.doIntersectionPrivilege(Ljava/security/PrivilegedAction;Ljava/security/AccessControlContext;Ljava/security/AccessControlContext;)Ljava/lang/Object; java.base@12.0.2 (22 bytes) @ 0x00000211806ffd9c [0x00000211806ff880+0x000000000000051c]
j  javax.swing.RepaintManager.paintDirtyRegions(Ljava/util/Map;)V+154 java.desktop@12.0.2
j  javax.swing.RepaintManager.paintDirtyRegions()V+46 java.desktop@12.0.2
j  javax.swing.RepaintManager.prePaintDirtyRegions()V+73 java.desktop@12.0.2
j  javax.swing.RepaintManager$ProcessingRunnable.run()V+37 java.desktop@12.0.2
j  java.awt.event.InvocationEvent.dispatch()V+47 java.desktop@12.0.2
J 1097 c1 java.awt.EventQueue.dispatchEventImpl(Ljava/awt/AWTEvent;Ljava/lang/Object;)V java.desktop@12.0.2 (136 bytes) @ 0x00000211807475fc [0x0000021180745bc0+0x0000000000001a3c]
J 1096 c1 java.awt.EventQueue$4.run()Ljava/lang/Void; java.desktop@12.0.2 (60 bytes) @ 0x0000021180620dec [0x0000021180620ca0+0x000000000000014c]
J 1005 c1 java.awt.EventQueue.dispatchEvent(Ljava/awt/AWTEvent;)V java.desktop@12.0.2 (80 bytes) @ 0x0000021180732d94 [0x0000021180732480+0x0000000000000914]
J 1098 c1 java.awt.EventDispatchThread.pumpOneEventForFilters(I)V java.desktop@12.0.2 (113 bytes) @ 0x000002118074b0cc [0x000002118074a940+0x000000000000078c]
j  java.awt.EventDispatchThread.pumpEventsForFilter(ILjava/awt/Conditional;Ljava/awt/EventFilter;)V+35 java.desktop@12.0.2
j  java.awt.EventDispatchThread.pumpEventsForHierarchy(ILjava/awt/Conditional;Ljava/awt/Component;)V+11 java.desktop@12.0.2
j  java.awt.EventDispatchThread.pumpEvents(ILjava/awt/Conditional;)V+4 java.desktop@12.0.2
j  java.awt.EventDispatchThread.pumpEvents(Ljava/awt/Conditional;)V+3 java.desktop@12.0.2
j  java.awt.EventDispatchThread.run()V+9 java.desktop@12.0.2
v  ~StubRoutines::call_stub

---------------  P R O C E S S  ---------------

Threads class SMR info:
_java_thread_list=0x00000211912e2270, length=15, elements={
0x00000211ffb0f800, 0x00000211ffb10000, 0x00000211ffb2c800, 0x00000211ffb31000,
0x00000211ffb32000, 0x00000211ffb35000, 0x00000211ffb89000, 0x00000211f4657000,
0x0000021191141800, 0x0000021191142000, 0x000002119133d000, 0x000002119133e000,
0x0000021191344800, 0x0000021191ca5800, 0x00000211f4577800
}

Java Threads: ( => current thread )
  0x00000211ffb0f800 JavaThread "Reference Handler" daemon [_thread_blocked, id=1104, stack(0x000000c642e00000,0x000000c642f00000)]
  0x00000211ffb10000 JavaThread "Finalizer" daemon [_thread_blocked, id=20440, stack(0x000000c642f00000,0x000000c643000000)]
  0x00000211ffb2c800 JavaThread "Signal Dispatcher" daemon [_thread_blocked, id=5976, stack(0x000000c643000000,0x000000c643100000)]
  0x00000211ffb31000 JavaThread "Attach Listener" daemon [_thread_blocked, id=924, stack(0x000000c643100000,0x000000c643200000)]
  0x00000211ffb32000 JavaThread "C2 CompilerThread0" daemon [_thread_blocked, id=14804, stack(0x000000c643200000,0x000000c643300000)]
  0x00000211ffb35000 JavaThread "C1 CompilerThread0" daemon [_thread_blocked, id=20024, stack(0x000000c643300000,0x000000c643400000)]
  0x00000211ffb89000 JavaThread "Sweeper thread" daemon [_thread_blocked, id=19920, stack(0x000000c643400000,0x000000c643500000)]
  0x00000211f4657000 JavaThread "Common-Cleaner" daemon [_thread_blocked, id=19916, stack(0x000000c643500000,0x000000c643600000)]
  0x0000021191141800 JavaThread "Monitor Ctrl-Break" daemon [_thread_in_native, id=13624, stack(0x000000c643600000,0x000000c643700000)]
  0x0000021191142000 JavaThread "Service Thread" daemon [_thread_blocked, id=16916, stack(0x000000c643700000,0x000000c643800000)]
  0x000002119133d000 JavaThread "Java2D Disposer" daemon [_thread_blocked, id=12580, stack(0x000000c643900000,0x000000c643a00000)]
  0x000002119133e000 JavaThread "AWT-Shutdown" [_thread_blocked, id=19700, stack(0x000000c643a00000,0x000000c643b00000)]
  0x0000021191344800 JavaThread "AWT-Windows" daemon [_thread_in_native, id=3292, stack(0x000000c643b00000,0x000000c643c00000)]
=>0x0000021191ca5800 JavaThread "AWT-EventQueue-0" [_thread_in_vm, id=19188, stack(0x000000c643d00000,0x000000c643e00000)]
  0x00000211f4577800 JavaThread "DestroyJavaVM" [_thread_blocked, id=16900, stack(0x000000c642700000,0x000000c642800000)]

Other Threads:
  0x00000211ffb0b800 VMThread "VM Thread" [stack: 0x000000c642d00000,0x000000c642e00000] [id=18756]
  0x000002119114a000 WatcherThread [stack: 0x000000c643800000,0x000000c643900000] [id=12688]
  0x00000211f45a4000 GCTaskThread "GC Thread#0" [stack: 0x000000c642800000,0x000000c642900000] [id=14152]
  0x0000021191c3f000 GCTaskThread "GC Thread#1" [stack: 0x000000c643c00000,0x000000c643d00000] [id=6716]
  0x0000021191c3f800 GCTaskThread "GC Thread#2" [stack: 0x000000c643e00000,0x000000c643f00000] [id=6128]
  0x0000021191c40800 GCTaskThread "GC Thread#3" [stack: 0x000000c643f00000,0x000000c644000000] [id=17220]
  0x00000211f45ac800 ConcurrentGCThread "G1 Main Marker" [stack: 0x000000c642900000,0x000000c642a00000] [id=20252]
  0x00000211f45ae800 ConcurrentGCThread "G1 Conc#0" [stack: 0x000000c642a00000,0x000000c642b00000] [id=15304]
  0x00000211f4606000 ConcurrentGCThread "G1 Refine#0" [stack: 0x000000c642b00000,0x000000c642c00000] [id=17296]
  0x00000211f4607000 ConcurrentGCThread "G1 Young RemSet Sampling" [stack: 0x000000c642c00000,0x000000c642d00000] [id=12372]

Threads with active compile tasks:

VM state:not at safepoint (normal execution)

VM Mutex/Monitor currently owned by a thread:  ([mutex/lock_event])
[0x00000211f4574420] Heap_lock - owner thread: 0x0000021191ca5800

Heap address: 0x00000000c1e00000, size: 994 MB, Compressed Oops mode: 32-bit
Narrow klass base: 0x0000000800000000, Narrow klass shift: 3
Compressed class space size: 1073741824 Address: 0x0000000801190000

Heap:
 garbage-first heap   total 140288K, used 130318K [0x00000000c1e00000, 0x0000000100000000)
  region size 1024K, 3 young (3072K), 1 survivors (1024K)
 Metaspace       used 7239K, capacity 7532K, committed 7680K, reserved 1056768K
  class space    used 777K, capacity 923K, committed 1024K, reserved 1048576K
Heap Regions: E=young(eden), S=young(survivor), O=old, HS=humongous(starts), HC=humongous(continues), CS=collection set, F=free, A=archive, TAMS=top-at-mark-start (previous, next)
|   0|0x00000000c1e00000, 0x00000000c1f00000, 0x00000000c1f00000|100%|HS|  |TAMS 0x00000000c1e00000, 0x00000000c1e00000| Complete 
|   1|0x00000000c1f00000, 0x00000000c2000000, 0x00000000c2000000|100%|HC|  |TAMS 0x00000000c1f00000, 0x00000000c1f00000| Complete 
|   2|0x00000000c2000000, 0x00000000c2100000, 0x00000000c2100000|100%|HS|  |TAMS 0x00000000c2000000, 0x00000000c2000000| Complete 
|   3|0x00000000c2100000, 0x00000000c2200000, 0x00000000c2200000|100%|HC|  |TAMS 0x00000000c2100000, 0x00000000c2100000| Complete 
|   4|0x00000000c2200000, 0x00000000c2300000, 0x00000000c2300000|100%|HS|  |TAMS 0x00000000c2300000, 0x00000000c2200000| Complete 
|   5|0x00000000c2300000, 0x00000000c2400000, 0x00000000c2400000|100%|HC|  |TAMS 0x00000000c2400000, 0x00000000c2300000| Complete 
|   6|0x00000000c2400000, 0x00000000c2500000, 0x00000000c2500000|100%|HS|  |TAMS 0x00000000c2400000, 0x00000000c2400000| Complete 
|   7|0x00000000c2500000, 0x00000000c2600000, 0x00000000c2600000|100%|HC|  |TAMS 0x00000000c2500000, 0x00000000c2500000| Complete 
|   8|0x00000000c2600000, 0x00000000c2700000, 0x00000000c2700000|100%|HS|  |TAMS 0x00000000c2600000, 0x00000000c2600000| Complete 
|   9|0x00000000c2700000, 0x00000000c2800000, 0x00000000c2800000|100%|HC|  |TAMS 0x00000000c2700000, 0x00000000c2700000| Complete 
|  10|0x00000000c2800000, 0x00000000c2900000, 0x00000000c2900000|100%|HS|  |TAMS 0x00000000c2900000, 0x00000000c2800000| Complete 
|  11|0x00000000c2900000, 0x00000000c2a00000, 0x00000000c2a00000|100%|HC|  |TAMS 0x00000000c2a00000, 0x00000000c2900000| Complete 
|  12|0x00000000c2a00000, 0x00000000c2b00000, 0x00000000c2b00000|100%|HS|  |TAMS 0x00000000c2b00000, 0x00000000c2a00000| Complete 
|  13|0x00000000c2b00000, 0x00000000c2c00000, 0x00000000c2c00000|100%|HC|  |TAMS 0x00000000c2c00000, 0x00000000c2b00000| Complete 
|  14|0x00000000c2c00000, 0x00000000c2d00000, 0x00000000c2d00000|100%|HS|  |TAMS 0x00000000c2c00000, 0x00000000c2c00000| Complete 
|  15|0x00000000c2d00000, 0x00000000c2e00000, 0x00000000c2e00000|100%|HC|  |TAMS 0x00000000c2d00000, 0x00000000c2d00000| Complete 
|  16|0x00000000c2e00000, 0x00000000c2f00000, 0x00000000c2f00000|100%|HS|  |TAMS 0x00000000c2f00000, 0x00000000c2e00000| Complete 
|  17|0x00000000c2f00000, 0x00000000c3000000, 0x00000000c3000000|100%|HC|  |TAMS 0x00000000c3000000, 0x00000000c2f00000| Complete 
|  18|0x00000000c3000000, 0x00000000c3100000, 0x00000000c3100000|100%|HS|  |TAMS 0x00000000c3000000, 0x00000000c3000000| Complete 
|  19|0x00000000c3100000, 0x00000000c3200000, 0x00000000c3200000|100%|HC|  |TAMS 0x00000000c3100000, 0x00000000c3100000| Complete 
|  20|0x00000000c3200000, 0x00000000c3201200, 0x00000000c3300000|  0%| O|  |TAMS 0x00000000c3201200, 0x00000000c3200000| Complete 
|  21|0x00000000c3300000, 0x00000000c3302400, 0x00000000c3400000|  0%| O|  |TAMS 0x00000000c3301200, 0x00000000c3300000| Complete 
|  22|0x00000000c3400000, 0x00000000c3401c00, 0x00000000c3500000|  0%| O|  |TAMS 0x00000000c3401c00, 0x00000000c3400000| Complete 
|  23|0x00000000c3500000, 0x00000000c3600000, 0x00000000c3600000|100%|HS|  |TAMS 0x00000000c3500000, 0x00000000c3500000| Complete 
|  24|0x00000000c3600000, 0x00000000c3700000, 0x00000000c3700000|100%|HC|  |TAMS 0x00000000c3600000, 0x00000000c3600000| Complete 
|  25|0x00000000c3700000, 0x00000000c3800000, 0x00000000c3800000|100%|HS|  |TAMS 0x00000000c3700000, 0x00000000c3700000| Complete 
|  26|0x00000000c3800000, 0x00000000c3900000, 0x00000000c3900000|100%|HC|  |TAMS 0x00000000c3800000, 0x00000000c3800000| Complete 
|  27|0x00000000c3900000, 0x00000000c3900000, 0x00000000c3a00000|  0%| F|  |TAMS 0x00000000c3900000, 0x00000000c3900000| Untracked 
|  28|0x00000000c3a00000, 0x00000000c3b00000, 0x00000000c3b00000|100%| O|  |TAMS 0x00000000c3b00000, 0x00000000c3a00000| Untracked 
|  29|0x00000000c3b00000, 0x00000000c3c00000, 0x00000000c3c00000|100%|HS|  |TAMS 0x00000000c3b00000, 0x00000000c3b00000| Complete 
|  30|0x00000000c3c00000, 0x00000000c3d00000, 0x00000000c3d00000|100%|HC|  |TAMS 0x00000000c3c00000, 0x00000000c3c00000| Complete 
|  31|0x00000000c3d00000, 0x00000000c3e00000, 0x00000000c3e00000|100%| O|  |TAMS 0x00000000c3e00000, 0x00000000c3d00000| Untracked 
|  32|0x00000000c3e00000, 0x00000000c3e3ce00, 0x00000000c3f00000| 23%| O|  |TAMS 0x00000000c3e3ce00, 0x00000000c3e00000| Complete 
|  33|0x00000000c3f00000, 0x00000000c4000000, 0x00000000c4000000|100%|HS|  |TAMS 0x00000000c3f00000, 0x00000000c3f00000| Complete 
|  34|0x00000000c4000000, 0x00000000c4100000, 0x00000000c4100000|100%|HC|  |TAMS 0x00000000c4000000, 0x00000000c4000000| Complete 
|  35|0x00000000c4100000, 0x00000000c4200000, 0x00000000c4200000|100%|HS|  |TAMS 0x00000000c4100000, 0x00000000c4100000| Complete 
|  36|0x00000000c4200000, 0x00000000c4300000, 0x00000000c4300000|100%|HC|  |TAMS 0x00000000c4200000, 0x00000000c4200000| Complete 
|  37|0x00000000c4300000, 0x00000000c4400000, 0x00000000c4400000|100%|HS|  |TAMS 0x00000000c4300000, 0x00000000c4300000| Complete 
|  38|0x00000000c4400000, 0x00000000c4500000, 0x00000000c4500000|100%|HC|  |TAMS 0x00000000c4400000, 0x00000000c4400000| Complete 
|  39|0x00000000c4500000, 0x00000000c4600000, 0x00000000c4600000|100%|HS|  |TAMS 0x00000000c4500000, 0x00000000c4500000| Complete 
|  40|0x00000000c4600000, 0x00000000c4700000, 0x00000000c4700000|100%|HC|  |TAMS 0x00000000c4600000, 0x00000000c4600000| Complete 
|  41|0x00000000c4700000, 0x00000000c4800000, 0x00000000c4800000|100%|HS|  |TAMS 0x00000000c4700000, 0x00000000c4700000| Complete 
|  42|0x00000000c4800000, 0x00000000c4900000, 0x00000000c4900000|100%|HC|  |TAMS 0x00000000c4800000, 0x00000000c4800000| Complete 
|  43|0x00000000c4900000, 0x00000000c4a00000, 0x00000000c4a00000|100%|HS|  |TAMS 0x00000000c4900000, 0x00000000c4900000| Complete 
|  44|0x00000000c4a00000, 0x00000000c4b00000, 0x00000000c4b00000|100%|HC|  |TAMS 0x00000000c4a00000, 0x00000000c4a00000| Complete 
|  45|0x00000000c4b00000, 0x00000000c4c00000, 0x00000000c4c00000|100%|HS|  |TAMS 0x00000000c4b00000, 0x00000000c4b00000| Complete 
|  46|0x00000000c4c00000, 0x00000000c4d00000, 0x00000000c4d00000|100%|HC|  |TAMS 0x00000000c4c00000, 0x00000000c4c00000| Complete 
|  47|0x00000000c4d00000, 0x00000000c4e00000, 0x00000000c4e00000|100%|HS|  |TAMS 0x00000000c4d00000, 0x00000000c4d00000| Complete 
|  48|0x00000000c4e00000, 0x00000000c4f00000, 0x00000000c4f00000|100%|HC|  |TAMS 0x00000000c4e00000, 0x00000000c4e00000| Complete 
|  49|0x00000000c4f00000, 0x00000000c5000000, 0x00000000c5000000|100%|HS|  |TAMS 0x00000000c4f00000, 0x00000000c4f00000| Complete 
|  50|0x00000000c5000000, 0x00000000c5100000, 0x00000000c5100000|100%|HC|  |TAMS 0x00000000c5000000, 0x00000000c5000000| Complete 
|  51|0x00000000c5100000, 0x00000000c5200000, 0x00000000c5200000|100%|HS|  |TAMS 0x00000000c5100000, 0x00000000c5100000| Complete 
|  52|0x00000000c5200000, 0x00000000c5300000, 0x00000000c5300000|100%|HC|  |TAMS 0x00000000c5200000, 0x00000000c5200000| Complete 
|  53|0x00000000c5300000, 0x00000000c5400000, 0x00000000c5400000|100%|HS|  |TAMS 0x00000000c5300000, 0x00000000c5300000| Complete 
|  54|0x00000000c5400000, 0x00000000c5500000, 0x00000000c5500000|100%|HC|  |TAMS 0x00000000c5400000, 0x00000000c5400000| Complete 
|  55|0x00000000c5500000, 0x00000000c5600000, 0x00000000c5600000|100%|HS|  |TAMS 0x00000000c5500000, 0x00000000c5500000| Complete 
|  56|0x00000000c5600000, 0x00000000c5700000, 0x00000000c5700000|100%|HC|  |TAMS 0x00000000c5600000, 0x00000000c5600000| Complete 
|  57|0x00000000c5700000, 0x00000000c5800000, 0x00000000c5800000|100%|HS|  |TAMS 0x00000000c5700000, 0x00000000c5700000| Complete 
|  58|0x00000000c5800000, 0x00000000c5900000, 0x00000000c5900000|100%|HC|  |TAMS 0x00000000c5800000, 0x00000000c5800000| Complete 
|  59|0x00000000c5900000, 0x00000000c5a00000, 0x00000000c5a00000|100%|HS|  |TAMS 0x00000000c5900000, 0x00000000c5900000| Complete 
|  60|0x00000000c5a00000, 0x00000000c5b00000, 0x00000000c5b00000|100%|HC|  |TAMS 0x00000000c5a00000, 0x00000000c5a00000| Complete 
|  61|0x00000000c5b00000, 0x00000000c5b00000, 0x00000000c5c00000|  0%| F|  |TAMS 0x00000000c5b00000, 0x00000000c5b00000| Untracked 
|  62|0x00000000c5c00000, 0x00000000c5c01830, 0x00000000c5d00000|  0%| S|CS|TAMS 0x00000000c5c00000, 0x00000000c5c00000| Complete 
|  63|0x00000000c5d00000, 0x00000000c5e00000, 0x00000000c5e00000|100%|HS|  |TAMS 0x00000000c5d00000, 0x00000000c5d00000| Complete 
|  64|0x00000000c5e00000, 0x00000000c5f00000, 0x00000000c5f00000|100%|HC|  |TAMS 0x00000000c5e00000, 0x00000000c5e00000| Complete 
|  65|0x00000000c5f00000, 0x00000000c6000000, 0x00000000c6000000|100%| E|  |TAMS 0x00000000c5f00000, 0x00000000c5f00000| Complete 
|  66|0x00000000c6000000, 0x00000000c6100000, 0x00000000c6100000|100%|HS|  |TAMS 0x00000000c6000000, 0x00000000c6000000| Complete 
|  67|0x00000000c6100000, 0x00000000c6200000, 0x00000000c6200000|100%|HC|  |TAMS 0x00000000c6100000, 0x00000000c6100000| Complete 
|  68|0x00000000c6200000, 0x00000000c6300000, 0x00000000c6300000|100%| E|CS|TAMS 0x00000000c6200000, 0x00000000c6200000| Complete 
|  69|0x00000000c6300000, 0x00000000c6400000, 0x00000000c6400000|100%|HS|  |TAMS 0x00000000c6300000, 0x00000000c6300000| Complete 
|  70|0x00000000c6400000, 0x00000000c6500000, 0x00000000c6500000|100%|HC|  |TAMS 0x00000000c6400000, 0x00000000c6400000| Complete 
|  71|0x00000000c6500000, 0x00000000c6600000, 0x00000000c6600000|100%|HS|  |TAMS 0x00000000c6500000, 0x00000000c6500000| Complete 
|  72|0x00000000c6600000, 0x00000000c6700000, 0x00000000c6700000|100%|HC|  |TAMS 0x00000000c6600000, 0x00000000c6600000| Complete 
|  73|0x00000000c6700000, 0x00000000c6800000, 0x00000000c6800000|100%|HS|  |TAMS 0x00000000c6700000, 0x00000000c6700000| Complete 
|  74|0x00000000c6800000, 0x00000000c6900000, 0x00000000c6900000|100%|HC|  |TAMS 0x00000000c6800000, 0x00000000c6800000| Complete 
|  75|0x00000000c6900000, 0x00000000c6a00000, 0x00000000c6a00000|100%|HS|  |TAMS 0x00000000c6900000, 0x00000000c6900000| Complete 
|  76|0x00000000c6a00000, 0x00000000c6b00000, 0x00000000c6b00000|100%|HC|  |TAMS 0x00000000c6a00000, 0x00000000c6a00000| Complete 
|  77|0x00000000c6b00000, 0x00000000c6c00000, 0x00000000c6c00000|100%|HS|  |TAMS 0x00000000c6b00000, 0x00000000c6b00000| Complete 
|  78|0x00000000c6c00000, 0x00000000c6d00000, 0x00000000c6d00000|100%|HC|  |TAMS 0x00000000c6c00000, 0x00000000c6c00000| Complete 
|  79|0x00000000c6d00000, 0x00000000c6e00000, 0x00000000c6e00000|100%|HS|  |TAMS 0x00000000c6d00000, 0x00000000c6d00000| Complete 
|  80|0x00000000c6e00000, 0x00000000c6f00000, 0x00000000c6f00000|100%|HC|  |TAMS 0x00000000c6e00000, 0x00000000c6e00000| Complete 
|  81|0x00000000c6f00000, 0x00000000c7000000, 0x00000000c7000000|100%|HS|  |TAMS 0x00000000c6f00000, 0x00000000c6f00000| Complete 
|  82|0x00000000c7000000, 0x00000000c7100000, 0x00000000c7100000|100%|HC|  |TAMS 0x00000000c7000000, 0x00000000c7000000| Complete 
|  83|0x00000000c7100000, 0x00000000c7200000, 0x00000000c7200000|100%|HS|  |TAMS 0x00000000c7100000, 0x00000000c7100000| Complete 
|  84|0x00000000c7200000, 0x00000000c7300000, 0x00000000c7300000|100%|HC|  |TAMS 0x00000000c7200000, 0x00000000c7200000| Complete 
|  85|0x00000000c7300000, 0x00000000c7400000, 0x00000000c7400000|100%|HS|  |TAMS 0x00000000c7300000, 0x00000000c7300000| Complete 
|  86|0x00000000c7400000, 0x00000000c7500000, 0x00000000c7500000|100%|HC|  |TAMS 0x00000000c7400000, 0x00000000c7400000| Complete 
|  87|0x00000000c7500000, 0x00000000c7600000, 0x00000000c7600000|100%|HS|  |TAMS 0x00000000c7500000, 0x00000000c7500000| Complete 
|  88|0x00000000c7600000, 0x00000000c7700000, 0x00000000c7700000|100%|HC|  |TAMS 0x00000000c7600000, 0x00000000c7600000| Complete 
|  89|0x00000000c7700000, 0x00000000c7800000, 0x00000000c7800000|100%|HS|  |TAMS 0x00000000c7700000, 0x00000000c7700000| Complete 
|  90|0x00000000c7800000, 0x00000000c7900000, 0x00000000c7900000|100%|HC|  |TAMS 0x00000000c7800000, 0x00000000c7800000| Complete 
|  91|0x00000000c7900000, 0x00000000c7a00000, 0x00000000c7a00000|100%|HS|  |TAMS 0x00000000c7900000, 0x00000000c7900000| Complete 
|  92|0x00000000c7a00000, 0x00000000c7b00000, 0x00000000c7b00000|100%|HC|  |TAMS 0x00000000c7a00000, 0x00000000c7a00000| Complete 
|  93|0x00000000c7b00000, 0x00000000c7c00000, 0x00000000c7c00000|100%|HS|  |TAMS 0x00000000c7b00000, 0x00000000c7b00000| Complete 
|  94|0x00000000c7c00000, 0x00000000c7d00000, 0x00000000c7d00000|100%|HC|  |TAMS 0x00000000c7c00000, 0x00000000c7c00000| Complete 
|  95|0x00000000c7d00000, 0x00000000c7e00000, 0x00000000c7e00000|100%|HS|  |TAMS 0x00000000c7d00000, 0x00000000c7d00000| Complete 
|  96|0x00000000c7e00000, 0x00000000c7f00000, 0x00000000c7f00000|100%|HC|  |TAMS 0x00000000c7e00000, 0x00000000c7e00000| Complete 
|  97|0x00000000c7f00000, 0x00000000c8000000, 0x00000000c8000000|100%|HS|  |TAMS 0x00000000c7f00000, 0x00000000c7f00000| Complete 
|  98|0x00000000c8000000, 0x00000000c8100000, 0x00000000c8100000|100%|HC|  |TAMS 0x00000000c8000000, 0x00000000c8000000| Complete 
|  99|0x00000000c8100000, 0x00000000c8200000, 0x00000000c8200000|100%|HS|  |TAMS 0x00000000c8100000, 0x00000000c8100000| Complete 
| 100|0x00000000c8200000, 0x00000000c8300000, 0x00000000c8300000|100%|HC|  |TAMS 0x00000000c8200000, 0x00000000c8200000| Complete 
| 101|0x00000000c8300000, 0x00000000c8400000, 0x00000000c8400000|100%|HS|  |TAMS 0x00000000c8300000, 0x00000000c8300000| Complete 
| 102|0x00000000c8400000, 0x00000000c8500000, 0x00000000c8500000|100%|HC|  |TAMS 0x00000000c8400000, 0x00000000c8400000| Complete 
| 103|0x00000000c8500000, 0x00000000c8600000, 0x00000000c8600000|100%|HS|  |TAMS 0x00000000c8500000, 0x00000000c8500000| Complete 
| 104|0x00000000c8600000, 0x00000000c8700000, 0x00000000c8700000|100%|HC|  |TAMS 0x00000000c8600000, 0x00000000c8600000| Complete 
| 105|0x00000000c8700000, 0x00000000c8800000, 0x00000000c8800000|100%|HS|  |TAMS 0x00000000c8700000, 0x00000000c8700000| Complete 
| 106|0x00000000c8800000, 0x00000000c8900000, 0x00000000c8900000|100%|HC|  |TAMS 0x00000000c8800000, 0x00000000c8800000| Complete 
| 107|0x00000000c8900000, 0x00000000c8a00000, 0x00000000c8a00000|100%|HS|  |TAMS 0x00000000c8900000, 0x00000000c8900000| Complete 
| 108|0x00000000c8a00000, 0x00000000c8b00000, 0x00000000c8b00000|100%|HC|  |TAMS 0x00000000c8a00000, 0x00000000c8a00000| Complete 
| 109|0x00000000c8b00000, 0x00000000c8c00000, 0x00000000c8c00000|100%|HS|  |TAMS 0x00000000c8b00000, 0x00000000c8b00000| Complete 
| 110|0x00000000c8c00000, 0x00000000c8d00000, 0x00000000c8d00000|100%|HC|  |TAMS 0x00000000c8c00000, 0x00000000c8c00000| Complete 
| 111|0x00000000c8d00000, 0x00000000c8e00000, 0x00000000c8e00000|100%|HS|  |TAMS 0x00000000c8d00000, 0x00000000c8d00000| Complete 
| 112|0x00000000c8e00000, 0x00000000c8f00000, 0x00000000c8f00000|100%|HC|  |TAMS 0x00000000c8e00000, 0x00000000c8e00000| Complete 
| 113|0x00000000c8f00000, 0x00000000c9000000, 0x00000000c9000000|100%|HS|  |TAMS 0x00000000c8f00000, 0x00000000c8f00000| Complete 
| 114|0x00000000c9000000, 0x00000000c9100000, 0x00000000c9100000|100%|HC|  |TAMS 0x00000000c9000000, 0x00000000c9000000| Complete 
| 115|0x00000000c9100000, 0x00000000c9200000, 0x00000000c9200000|100%|HS|  |TAMS 0x00000000c9100000, 0x00000000c9100000| Complete 
| 116|0x00000000c9200000, 0x00000000c9300000, 0x00000000c9300000|100%|HC|  |TAMS 0x00000000c9200000, 0x00000000c9200000| Complete 
| 117|0x00000000c9300000, 0x00000000c9400000, 0x00000000c9400000|100%|HS|  |TAMS 0x00000000c9300000, 0x00000000c9300000| Complete 
| 118|0x00000000c9400000, 0x00000000c9500000, 0x00000000c9500000|100%|HC|  |TAMS 0x00000000c9400000, 0x00000000c9400000| Complete 
| 119|0x00000000c9500000, 0x00000000c9600000, 0x00000000c9600000|100%|HS|  |TAMS 0x00000000c9500000, 0x00000000c9500000| Complete 
| 120|0x00000000c9600000, 0x00000000c9700000, 0x00000000c9700000|100%|HC|  |TAMS 0x00000000c9600000, 0x00000000c9600000| Complete 
| 121|0x00000000c9700000, 0x00000000c9800000, 0x00000000c9800000|100%|HS|  |TAMS 0x00000000c9700000, 0x00000000c9700000| Complete 
| 122|0x00000000c9800000, 0x00000000c9900000, 0x00000000c9900000|100%|HC|  |TAMS 0x00000000c9800000, 0x00000000c9800000| Complete 
| 123|0x00000000c9900000, 0x00000000c9a00000, 0x00000000c9a00000|100%|HS|  |TAMS 0x00000000c9900000, 0x00000000c9900000| Complete 
| 124|0x00000000c9a00000, 0x00000000c9b00000, 0x00000000c9b00000|100%|HC|  |TAMS 0x00000000c9a00000, 0x00000000c9a00000| Complete 
| 125|0x00000000c9b00000, 0x00000000c9c00000, 0x00000000c9c00000|100%|HS|  |TAMS 0x00000000c9b00000, 0x00000000c9b00000| Complete 
| 126|0x00000000c9c00000, 0x00000000c9d00000, 0x00000000c9d00000|100%|HC|  |TAMS 0x00000000c9c00000, 0x00000000c9c00000| Complete 
| 127|0x00000000c9d00000, 0x00000000c9e00000, 0x00000000c9e00000|100%|HS|  |TAMS 0x00000000c9d00000, 0x00000000c9d00000| Complete 
| 128|0x00000000c9e00000, 0x00000000c9f00000, 0x00000000c9f00000|100%|HC|  |TAMS 0x00000000c9e00000, 0x00000000c9e00000| Complete 
| 129|0x00000000c9f00000, 0x00000000ca000000, 0x00000000ca000000|100%|HS|  |TAMS 0x00000000c9f00000, 0x00000000c9f00000| Complete 
| 130|0x00000000ca000000, 0x00000000ca100000, 0x00000000ca100000|100%|HC|  |TAMS 0x00000000ca000000, 0x00000000ca000000| Complete 
| 131|0x00000000ca100000, 0x00000000ca200000, 0x00000000ca200000|100%|HS|  |TAMS 0x00000000ca100000, 0x00000000ca100000| Complete 
| 132|0x00000000ca200000, 0x00000000ca300000, 0x00000000ca300000|100%|HC|  |TAMS 0x00000000ca200000, 0x00000000ca200000| Complete 
| 133|0x00000000ca300000, 0x00000000ca400000, 0x00000000ca400000|100%|HS|  |TAMS 0x00000000ca300000, 0x00000000ca300000| Complete 
| 134|0x00000000ca400000, 0x00000000ca500000, 0x00000000ca500000|100%|HC|  |TAMS 0x00000000ca400000, 0x00000000ca400000| Complete 

Card table byte_map: [0x00000211fcb90000,0x00000211fcd90000] _byte_map_base: 0x00000211fc581000

Marking Bits (Prev, Next): (CMBitMap*) 0x00000211f45a4de8, (CMBitMap*) 0x00000211f45a4e28
 Prev Bits: [0x00000211fcf90000, 0x00000211fdf18000)
 Next Bits: [0x00000211fdf20000, 0x00000211feea8000)

Polling page: 0x00000211f3d60000

Metaspace:

Usage:
  Non-class:      6.45 MB capacity,     6.31 MB ( 98%) used,   121.89 KB (  2%) free+waste,    25.31 KB ( <1%) overhead. 
      Class:    923.00 KB capacity,   777.60 KB ( 84%) used,   129.52 KB ( 14%) free+waste,    15.88 KB (  2%) overhead. 
       Both:      7.36 MB capacity,     7.07 MB ( 96%) used,   251.41 KB (  3%) free+waste,    41.19 KB ( <1%) overhead. 

Virtual space:
  Non-class space:        8.00 MB reserved,       6.50 MB ( 81%) committed 
      Class space:        1.00 GB reserved,       1.00 MB ( <1%) committed 
             Both:        1.01 GB reserved,       7.50 MB ( <1%) committed 

Chunk freelists:
   Non-Class:  5.88 KB
       Class:  640 bytes
        Both:  6.50 KB

CodeHeap 'non-profiled nmethods': size=120064Kb used=329Kb max_used=329Kb free=119734Kb
 bounds [0x0000021187ac0000, 0x0000021187d30000, 0x000002118f000000]
CodeHeap 'profiled nmethods': size=120000Kb used=1903Kb max_used=1903Kb free=118096Kb
 bounds [0x0000021180590000, 0x0000021180800000, 0x0000021187ac0000]
CodeHeap 'non-nmethods': size=5696Kb used=1194Kb max_used=1206Kb free=4501Kb
 bounds [0x0000021180000000, 0x0000021180270000, 0x0000021180590000]
 total_blobs=1851 nmethods=1097 adapters=448
 compilation: enabled
              stopped_count=0, restarted_count=0
 full_count=0

Compilation events (10 events):
Event: 5.877 Thread 0x00000211ffb35000 nmethod 1158 0x000002118076a910 code [0x000002118076aae0, 0x000002118076adc0]
Event: 5.885 Thread 0x00000211ffb32000 nmethod 1154 0x0000021187b11f90 code [0x0000021187b12140, 0x0000021187b122d8]
Event: 5.885 Thread 0x00000211ffb32000 1155       4       java.awt.Component::getParent (5 bytes)
Event: 5.886 Thread 0x00000211ffb32000 nmethod 1155 0x0000021187ac9a90 code [0x0000021187ac9c20, 0x0000021187ac9c98]
Event: 5.900 Thread 0x00000211ffb35000 1159       3       java.awt.EventQueue::postEvent (13 bytes)
Event: 5.901 Thread 0x00000211ffb35000 nmethod 1159 0x000002118076ae90 code [0x000002118076b080, 0x000002118076b470]
Event: 5.902 Thread 0x00000211ffb35000 1160       3       java.awt.Color::<init> (33 bytes)
Event: 5.903 Thread 0x00000211ffb35000 nmethod 1160 0x000002118076b610 code [0x000002118076b7e0, 0x000002118076ba58]
Event: 5.904 Thread 0x00000211ffb35000 1161       1       java.awt.Image$1::getSurfaceManager (5 bytes)
Event: 5.905 Thread 0x00000211ffb35000 nmethod 1161 0x0000021187b12410 code [0x0000021187b125c0, 0x0000021187b126f8]

GC Heap History (10 events):
Event: 5.125 GC heap before
{Heap before GC invocations=62 (full 0):
 garbage-first heap   total 55296K, used 22788K [0x00000000c1e00000, 0x0000000100000000)
  region size 1024K, 2 young (2048K), 1 survivors (1024K)
 Metaspace       used 7168K, capacity 7468K, committed 7680K, reserved 1056768K
  class space    used 777K, capacity 923K, committed 1024K, reserved 1048576K
}
Event: 5.126 GC heap after
{Heap after GC invocations=63 (full 0):
 garbage-first heap   total 66560K, used 10501K [0x00000000c1e00000, 0x0000000100000000)
  region size 1024K, 1 young (1024K), 1 survivors (1024K)
 Metaspace       used 7168K, capacity 7468K, committed 7680K, reserved 1056768K
  class space    used 777K, capacity 923K, committed 1024K, reserved 1048576K
}
Event: 5.206 GC heap before
{Heap before GC invocations=64 (full 0):
 garbage-first heap   total 65536K, used 26885K [0x00000000c1e00000, 0x0000000100000000)
  region size 1024K, 2 young (2048K), 1 survivors (1024K)
 Metaspace       used 7168K, capacity 7468K, committed 7680K, reserved 1056768K
  class space    used 777K, capacity 923K, committed 1024K, reserved 1048576K
}
Event: 5.207 GC heap after
{Heap after GC invocations=65 (full 0):
 garbage-first heap   total 65536K, used 20743K [0x00000000c1e00000, 0x0000000100000000)
  region size 1024K, 1 young (1024K), 1 survivors (1024K)
 Metaspace       used 7168K, capacity 7468K, committed 7680K, reserved 1056768K
  class space    used 777K, capacity 923K, committed 1024K, reserved 1048576K
}
Event: 5.229 GC heap before
{Heap before GC invocations=66 (full 0):
 garbage-first heap   total 65536K, used 26887K [0x00000000c1e00000, 0x0000000100000000)
  region size 1024K, 2 young (2048K), 1 survivors (1024K)
 Metaspace       used 7168K, capacity 7468K, committed 7680K, reserved 1056768K
  class space    used 777K, capacity 923K, committed 1024K, reserved 1048576K
}
Event: 5.229 GC heap after
{Heap after GC invocations=67 (full 0):
 garbage-first heap   total 65536K, used 10503K [0x00000000c1e00000, 0x0000000100000000)
  region size 1024K, 1 young (1024K), 1 survivors (1024K)
 Metaspace       used 7168K, capacity 7468K, committed 7680K, reserved 1056768K
  class space    used 777K, capacity 923K, committed 1024K, reserved 1048576K
}
Event: 5.285 GC heap before
{Heap before GC invocations=68 (full 0):
 garbage-first heap   total 58368K, used 22791K [0x00000000c1e00000, 0x0000000100000000)
  region size 1024K, 2 young (2048K), 1 survivors (1024K)
 Metaspace       used 7168K, capacity 7468K, committed 7680K, reserved 1056768K
  class space    used 777K, capacity 923K, committed 1024K, reserved 1048576K
}
Event: 5.285 GC heap after
{Heap after GC invocations=69 (full 0):
 garbage-first heap   total 58368K, used 16651K [0x00000000c1e00000, 0x0000000100000000)
  region size 1024K, 1 young (1024K), 1 survivors (1024K)
 Metaspace       used 7168K, capacity 7468K, committed 7680K, reserved 1056768K
  class space    used 777K, capacity 923K, committed 1024K, reserved 1048576K
}
Event: 5.308 GC heap before
{Heap before GC invocations=70 (full 0):
 garbage-first heap   total 58368K, used 22795K [0x00000000c1e00000, 0x0000000100000000)
  region size 1024K, 2 young (2048K), 1 survivors (1024K)
 Metaspace       used 7168K, capacity 7468K, committed 7680K, reserved 1056768K
  class space    used 777K, capacity 923K, committed 1024K, reserved 1048576K
}
Event: 5.310 GC heap after
{Heap after GC invocations=71 (full 0):
 garbage-first heap   total 70656K, used 10510K [0x00000000c1e00000, 0x0000000100000000)
  region size 1024K, 1 young (1024K), 1 survivors (1024K)
 Metaspace       used 7168K, capacity 7468K, committed 7680K, reserved 1056768K
  class space    used 777K, capacity 923K, committed 1024K, reserved 1048576K
}

Deoptimization events (7 events):
Event: 0.306 Thread 0x00000211f4577800 Uncommon trap: reason=unstable_if action=reinterpret pc=0x0000021187acc498 method=java.util.HashMap.putVal(ILjava/lang/Object;Ljava/lang/Object;ZZ)Ljava/lang/Object; @ 69 c2
Event: 0.686 Thread 0x00000211f4577800 Uncommon trap: reason=bimorphic_or_optimized_type_check action=maybe_recompile pc=0x0000021187ac9cc4 method=java.util.AbstractCollection.isEmpty()Z @ 1 c2
Event: 0.686 Thread 0x00000211f4577800 Uncommon trap: reason=bimorphic_or_optimized_type_check action=maybe_recompile pc=0x0000021187ac9cc4 method=java.util.AbstractCollection.isEmpty()Z @ 1 c2
Event: 0.695 Thread 0x00000211f4577800 Uncommon trap: reason=bimorphic_or_optimized_type_check action=maybe_recompile pc=0x0000021187ac9cc4 method=java.util.AbstractCollection.isEmpty()Z @ 1 c2
Event: 0.695 Thread 0x00000211f4577800 Uncommon trap: reason=bimorphic_or_optimized_type_check action=maybe_recompile pc=0x0000021187ac9cc4 method=java.util.AbstractCollection.isEmpty()Z @ 1 c2
Event: 1.580 Thread 0x00000211ffb31000 Uncommon trap: reason=unstable_if action=reinterpret pc=0x0000021187ace620 method=java.lang.String.isLatin1()Z @ 10 c2
Event: 1.866 Thread 0x00000211f4577800 Uncommon trap: reason=unstable_if action=reinterpret pc=0x0000021187ac7808 method=java.lang.String.isLatin1()Z @ 10 c2

Classes redefined (0 events):
No events

Internal exceptions (10 events):
Event: 1.132 Thread 0x0000021191344800 Exception <a 'java/lang/NoSuchMethodError'{0x00000000c5a04fd8}: java.lang.invoke.DirectMethodHandle$Holder.invokeSpecial(Ljava/lang/Object;Ljava/lang/Object;)V> (0x00000000c5a04fd8) thrown at [t:/workspace/open/src/hotspot/share/interpreter/linkResolver.c
Event: 1.140 Thread 0x00000211f4577800 Exception <a 'java/lang/NoSuchMethodError'{0x00000000c5a60fd0}: java.lang.invoke.DirectMethodHandle$Holder.invokeStatic(Ljava/lang/Object;Ljava/lang/Object;Ljava/lang/Object;Ljava/lang/Object;Ljava/lang/Object;Ljava/lang/Object;Ljava/lang/Object;J)Ljava/l
Event: 1.326 Thread 0x00000211f4577800 Exception <a 'java/lang/NoSuchMethodError'{0x00000000c590e2a0}: java.lang.invoke.DirectMethodHandle$Holder.invokeStatic(Ljava/lang/Object;ILjava/lang/Object;Ljava/lang/Object;Ljava/lang/Object;Ljava/lang/Object;)Ljava/lang/Object;> (0x00000000c590e2a0) th
Event: 1.327 Thread 0x00000211f4577800 Exception <a 'java/lang/NoSuchMethodError'{0x00000000c5914ed0}: java.lang.invoke.DirectMethodHandle$Holder.invokeStatic(Ljava/lang/Object;ILjava/lang/Object;Ljava/lang/Object;Ljava/lang/Object;)Ljava/lang/Object;> (0x00000000c5914ed0) thrown at [t:/worksp
Event: 1.328 Thread 0x00000211f4577800 Exception <a 'java/lang/NoSuchMethodError'{0x00000000c5918730}: java.lang.invoke.DirectMethodHandle$Holder.invokeSpecial(Ljava/lang/Object;Ljava/lang/Object;ILjava/lang/Object;Ljava/lang/Object;Ljava/lang/Object;)Ljava/lang/Object;> (0x00000000c5918730) t
Event: 1.336 Thread 0x00000211f4577800 Exception <a 'java/lang/NoSuchMethodError'{0x00000000c592eab0}: java.lang.invoke.DirectMethodHandle$Holder.invokeStatic(Ljava/lang/Object;ILjava/lang/Object;)Ljava/lang/Object;> (0x00000000c592eab0) thrown at [t:/workspace/open/src/hotspot/share/interpret
Event: 1.409 Thread 0x00000211f4577800 Exception <a 'java/lang/ClassNotFoundException'{0x00000000c59d2cc0}: com/sun/swing/internal/plaf/metal/resources/spi/metalProvider> (0x00000000c59d2cc0) thrown at [t:/workspace/open/src/hotspot/share/classfile/systemDictionary.cpp, line 235]
Event: 1.413 Thread 0x00000211f4577800 Exception <a 'java/lang/ClassNotFoundException'{0x00000000c59d6be0}: com/sun/swing/internal/plaf/basic/resources/spi/basicProvider> (0x00000000c59d6be0) thrown at [t:/workspace/open/src/hotspot/share/classfile/systemDictionary.cpp, line 235]
Event: 1.753 Thread 0x00000211f4577800 Exception <a 'java/lang/NoSuchMethodError'{0x00000000c574cc68}: java.lang.invoke.DirectMethodHandle$Holder.invokeStaticInit(Ljava/lang/Object;)V> (0x00000000c574cc68) thrown at [t:/workspace/open/src/hotspot/share/interpreter/linkResolver.cpp, line 777]
Event: 2.144 Thread 0x00000211f4577800 Exception <a 'java/lang/NoSuchMethodError'{0x00000000c57da460}: java.lang.invoke.Invokers$Holder.linkToTargetMethod(Ljava/lang/Object;ILjava/lang/Object;)Ljava/lang/Object;> (0x00000000c57da460) thrown at [t:/workspace/open/src/hotspot/share/interpreter/l

Events (10 events):
Event: 5.298 Executing VM operation: G1Concurrent
Event: 5.299 Executing VM operation: G1Concurrent done
Event: 5.303 Executing VM operation: G1Concurrent
Event: 5.303 Executing VM operation: G1Concurrent done
Event: 5.308 Executing VM operation: G1CollectForAllocation
Event: 5.310 Executing VM operation: G1CollectForAllocation done
Event: 5.320 Executing VM operation: G1Concurrent
Event: 5.323 Executing VM operation: G1Concurrent done
Event: 5.327 Executing VM operation: G1Concurrent
Event: 5.327 Executing VM operation: G1Concurrent done


Dynamic libraries:
0x00007ff7dd1b0000 - 0x00007ff7dd1bf000 	C:\Program Files\Java\jdk-12.0.2\bin\java.exe
0x00007ffd65e70000 - 0x00007ffd66066000 	C:\WINDOWS\SYSTEM32\ntdll.dll
0x00007ffd4df60000 - 0x00007ffd4df72000 	C:\Program Files\AVAST Software\Avast\aswhook.dll
0x00007ffd64480000 - 0x00007ffd6453d000 	C:\WINDOWS\System32\KERNEL32.DLL
0x00007ffd63920000 - 0x00007ffd63be8000 	C:\WINDOWS\System32\KERNELBASE.dll
0x00007ffd635e0000 - 0x00007ffd636e0000 	C:\WINDOWS\System32\ucrtbase.dll
0x00007ffd5f560000 - 0x00007ffd5f578000 	C:\Program Files\Java\jdk-12.0.2\bin\jli.dll
0x00007ffd64190000 - 0x00007ffd6423c000 	C:\WINDOWS\System32\ADVAPI32.dll
0x00007ffd64320000 - 0x00007ffd643be000 	C:\WINDOWS\System32\msvcrt.dll
0x00007ffd65b80000 - 0x00007ffd65c1b000 	C:\WINDOWS\System32\sechost.dll
0x00007ffd65c20000 - 0x00007ffd65d44000 	C:\WINDOWS\System32\RPCRT4.dll
0x00007ffd647b0000 - 0x00007ffd64950000 	C:\WINDOWS\System32\USER32.dll
0x00007ffd635b0000 - 0x00007ffd635d2000 	C:\WINDOWS\System32\win32u.dll
0x00007ffd65250000 - 0x00007ffd6527a000 	C:\WINDOWS\System32\GDI32.dll
0x00007ffd63810000 - 0x00007ffd63919000 	C:\WINDOWS\System32\gdi32full.dll
0x00007ffd63bf0000 - 0x00007ffd63c8d000 	C:\WINDOWS\System32\msvcp_win.dll
0x00007ffd5df20000 - 0x00007ffd5df36000 	C:\Program Files\Java\jdk-12.0.2\bin\VCRUNTIME140.dll
0x00007ffd53f40000 - 0x00007ffd541db000 	C:\WINDOWS\WinSxS\amd64_microsoft.windows.common-controls_6595b64144ccf1df_6.0.19041.488_none_ca04af081b815d21\COMCTL32.dll
0x00007ffd5d6a0000 - 0x00007ffd5d6aa000 	C:\WINDOWS\SYSTEM32\VERSION.dll
0x00007ffd65e00000 - 0x00007ffd65e30000 	C:\WINDOWS\System32\IMM32.DLL
0x00007ffd36da0000 - 0x00007ffd36e4a000 	C:\Program Files\Java\jdk-12.0.2\bin\msvcp140.dll
0x00007ffd1a9c0000 - 0x00007ffd1b537000 	C:\Program Files\Java\jdk-12.0.2\bin\server\jvm.dll
0x00007ffd65280000 - 0x00007ffd65288000 	C:\WINDOWS\System32\PSAPI.DLL
0x00007ffd52200000 - 0x00007ffd52209000 	C:\WINDOWS\SYSTEM32\WSOCK32.dll
0x00007ffd65290000 - 0x00007ffd652fb000 	C:\WINDOWS\System32\WS2_32.dll
0x00007ffd553e0000 - 0x00007ffd55407000 	C:\WINDOWS\SYSTEM32\WINMM.dll
0x00007ffd61500000 - 0x00007ffd61512000 	C:\WINDOWS\SYSTEM32\kernel.appcore.dll
0x00007ffd5dee0000 - 0x00007ffd5def1000 	C:\Program Files\Java\jdk-12.0.2\bin\verify.dll
0x00007ffd589c0000 - 0x00007ffd58ba4000 	C:\WINDOWS\SYSTEM32\DBGHELP.DLL
0x00007ffd58990000 - 0x00007ffd589bc000 	C:\WINDOWS\SYSTEM32\dbgcore.DLL
0x00007ffd636e0000 - 0x00007ffd6375f000 	C:\WINDOWS\System32\bcryptPrimitives.dll
0x00007ffd53480000 - 0x00007ffd534a6000 	C:\Program Files\Java\jdk-12.0.2\bin\java.dll
0x00007ffd5f500000 - 0x00007ffd5f50e000 	C:\Program Files\Java\jdk-12.0.2\bin\instrument.dll
0x00007ffd5dec0000 - 0x00007ffd5ded7000 	C:\Program Files\Java\jdk-12.0.2\bin\zip.dll
0x00007ffd5f4c0000 - 0x00007ffd5f4ca000 	C:\Program Files\Java\jdk-12.0.2\bin\jimage.dll
0x00007ffd64b00000 - 0x00007ffd65241000 	C:\WINDOWS\System32\SHELL32.dll
0x00007ffd61700000 - 0x00007ffd61e95000 	C:\WINDOWS\SYSTEM32\windows.storage.dll
0x00007ffd65800000 - 0x00007ffd65b55000 	C:\WINDOWS\System32\combase.dll
0x00007ffd63020000 - 0x00007ffd6304c000 	C:\WINDOWS\SYSTEM32\Wldp.dll
0x00007ffd646f0000 - 0x00007ffd6479e000 	C:\WINDOWS\System32\SHCORE.dll
0x00007ffd64130000 - 0x00007ffd64185000 	C:\WINDOWS\System32\shlwapi.dll
0x00007ffd634e0000 - 0x00007ffd63506000 	C:\WINDOWS\SYSTEM32\profapi.dll
0x00007ffd5bc30000 - 0x00007ffd5bc49000 	C:\Program Files\Java\jdk-12.0.2\bin\net.dll
0x00007ffd58670000 - 0x00007ffd58770000 	C:\WINDOWS\SYSTEM32\WINHTTP.dll
0x00007ffd530d0000 - 0x00007ffd532bd000 	C:\WINDOWS\SYSTEM32\urlmon.dll
0x00007ffd52b40000 - 0x00007ffd52df0000 	C:\WINDOWS\SYSTEM32\iertutil.dll
0x00007ffd62da0000 - 0x00007ffd62e0a000 	C:\WINDOWS\system32\mswsock.dll
0x00007ffd535f0000 - 0x00007ffd53603000 	C:\Program Files\Java\jdk-12.0.2\bin\nio.dll
0x00007ffd53460000 - 0x00007ffd5347a000 	C:\Program Files\JetBrains\IntelliJ IDEA Community Edition 2020.2.1\bin\breakgen64.dll
0x00007ffd2e200000 - 0x00007ffd2e39f000 	C:\Program Files\Java\jdk-12.0.2\bin\awt.dll
0x00007ffd63ed0000 - 0x00007ffd63f9d000 	C:\WINDOWS\System32\OLEAUT32.dll
0x00007ffd5fdb0000 - 0x00007ffd60370000 	C:\WINDOWS\SYSTEM32\d2d1.dll
0x00007ffd60e70000 - 0x00007ffd60f00000 	C:\WINDOWS\SYSTEM32\apphelp.dll
0x00007ffd61210000 - 0x00007ffd6123f000 	C:\WINDOWS\system32\DWMAPI.DLL
0x00007ffd60fa0000 - 0x00007ffd6103e000 	C:\WINDOWS\system32\uxtheme.dll
0x00007ffd29600000 - 0x00007ffd29725000 	C:\WINDOWS\system32\opengl32.dll
0x00007ffd29590000 - 0x00007ffd295bc000 	C:\WINDOWS\SYSTEM32\GLU32.dll
0x00007ffd649e0000 - 0x00007ffd64af5000 	C:\WINDOWS\System32\MSCTF.dll
0x00007ffd64000000 - 0x00007ffd6412a000 	C:\WINDOWS\System32\ole32.dll
0x00007ffd36d20000 - 0x00007ffd36da0000 	C:\Program Files\Java\jdk-12.0.2\bin\freetype.dll
0x00007ffd36c70000 - 0x00007ffd36d1b000 	C:\Program Files\Java\jdk-12.0.2\bin\fontmanager.dll
0x00007ffd5e450000 - 0x00007ffd5e54c000 	C:\WINDOWS\SYSTEM32\textinputframework.dll
0x00007ffd60560000 - 0x00007ffd608be000 	C:\WINDOWS\System32\CoreUIComponents.dll
0x00007ffd60c40000 - 0x00007ffd60d32000 	C:\WINDOWS\System32\CoreMessaging.dll
0x00007ffd622f0000 - 0x00007ffd62323000 	C:\WINDOWS\SYSTEM32\ntmarta.dll
0x00007ffd5f580000 - 0x00007ffd5f6d6000 	C:\WINDOWS\SYSTEM32\wintypes.dll

dbghelp: loaded successfully - version: 4.0.5 - missing functions: none
symbol engine: initialized successfully - sym options: 0x614 - pdb path: .;C:\Program Files\Java\jdk-12.0.2\bin;C:\WINDOWS\SYSTEM32;C:\Program Files\AVAST Software\Avast;C:\WINDOWS\WinSxS\amd64_microsoft.windows.common-controls_6595b64144ccf1df_6.0.19041.488_none_ca04af081b815d21;C:\Program Files\Java\jdk-12.0.2\bin\server;C:\Program Files\JetBrains\IntelliJ IDEA Community Edition 2020.2.1\bin

VM Arguments:
jvm_args: -javaagent:C:\Program Files\JetBrains\IntelliJ IDEA Community Edition 2020.2.1\lib\idea_rt.jar=51926:C:\Program Files\JetBrains\IntelliJ IDEA Community Edition 2020.2.1\bin -Dfile.encoding=UTF-8 
java_command: kg2019examples_task4threedimensions.Main
java_class_path (initial): C:\Users\User\Downloads\KG2019Examples_Task4ThreeDimensions-master\out\production\KG2019Examples_Task4ThreeDimensions-master
Launcher Type: SUN_STANDARD

[Global flags]
     intx CICompilerCount                          = 3                                         {product} {ergonomic}
     uint ConcGCThreads                            = 1                                         {product} {ergonomic}
     uint G1ConcRefinementThreads                  = 4                                         {product} {ergonomic}
   size_t G1HeapRegionSize                         = 1048576                                   {product} {ergonomic}
    uintx GCDrainStackTargetSize                   = 64                                        {product} {ergonomic}
   size_t InitialHeapSize                          = 67108864                                  {product} {ergonomic}
   size_t MarkStackSize                            = 4194304                                   {product} {ergonomic}
   size_t MaxHeapSize                              = 1042284544                                {product} {ergonomic}
   size_t MaxNewSize                               = 624951296                                 {product} {ergonomic}
   size_t MinHeapDeltaBytes                        = 1048576                                   {product} {ergonomic}
    uintx NonNMethodCodeHeapSize                   = 5830732                                {pd product} {ergonomic}
    uintx NonProfiledCodeHeapSize                  = 122913754                              {pd product} {ergonomic}
    uintx ProfiledCodeHeapSize                     = 122913754                              {pd product} {ergonomic}
    uintx ReservedCodeCacheSize                    = 251658240                              {pd product} {ergonomic}
     bool SegmentedCodeCache                       = true                                      {product} {ergonomic}
     bool UseCompressedClassPointers               = true                                 {lp64_product} {ergonomic}
     bool UseCompressedOops                        = true                                 {lp64_product} {ergonomic}
     bool UseG1GC                                  = true                                      {product} {ergonomic}
     bool UseLargePagesIndividualAllocation        = false                                  {pd product} {ergonomic}

Logging:
Log output configuration:
 #0: stdout all=warning uptime,level,tags
 #1: stderr all=off uptime,level,tags

Environment Variables:
PATH=C:\Program Files\Common Files\Oracle\Java\javapath;C:\app\User\product\18.0.0\dbhomeXE\bin;C:\WINDOWS\system32;C:\WINDOWS;C:\WINDOWS\System32\Wbem;C:\WINDOWS\System32\WindowsPowerShell\v1.0\;C:\WINDOWS\System32\OpenSSH\;C:\Program Files\Common Files\Autodesk Shared\;C:\Program Files (x86)\Autodesk\Backburner\;C:\Program Files\Git\cmd;C:\Users\User\AppData\Local\Microsoft\WindowsApps;C:\Program Files\JetBrains\IntelliJ IDEA 2019.2.2\bin;;C:\Users\User\AppData\Local\GitHubDesktop\bin
USERNAME=User
OS=Windows_NT
PROCESSOR_IDENTIFIER=Intel64 Family 6 Model 142 Stepping 9, GenuineIntel



---------------  S Y S T E M  ---------------

OS: Windows 10 , 64 bit Build 19041 (10.0.19041.546)

CPU:total 4 (initial active 4) (2 cores per cpu, 2 threads per core) family 6 model 142 stepping 9, cmov, cx8, fxsr, mmx, sse, sse2, sse3, ssse3, sse4.1, sse4.2, popcnt, avx, avx2, aes, clmul, erms, 3dnowpref, lzcnt, ht, tsc, tscinvbit, bmi1, bmi2, adx, fma

Memory: 4k page, system-wide physical 3970M (79M free)
TotalPageFile size 16258M (AvailPageFile size 2M)
current process WorkingSet (physical memory assigned to process): 142M, peak: 142M
current process commit charge ("private bytes"): 215M, peak: 217M

vm_info: Java HotSpot(TM) 64-Bit Server VM (12.0.2+10) for windows-amd64 JRE (12.0.2+10), built on Jul 16 2019 01:56:17 by "mach5one" with MS VC++ 15.5 (VS2017)

END.
